3
1
2
4
5
7
6
9
8
10
19
11
12
13
14
15
16
17
18
20
21
22
24
23
25
26
28
27
29
31
30
32
33
34
35
38
36
37
39
40
42
41
45
43
44
46
47
48
50
49
56
51
52
53
54
55
59
57
58
61
60
64
62
63
65
67
66
71
68
69
70
74
72
73
75
78
76
77
79
81
80
82
85
83
84
88
86
87
89
90
91
93
92
95
94
96
97
98
100
99
102
101
104
103
106
105
107
111
108
109
110
113
112
114
116
115
117
118
122
119
120
121
123
124
125
126
130
127
128
129
131
137
132
133
134
135
136
143
138
139
140
141
142
145
144
146
147
149
148
152
150
151
153
155
154
156
157
164
158
159
160
161
162
163
166
165
167
169
168
170
173
171
172
174
175
179
176
177
178
180
