109
167
77
62
181
110
81
197
195
55
64
61
91
97
90
103
169
50
199
63
72
89
94
92
15
200
67
146
66
65
54
190
68
80
165
160
47
1
185
69
58
52
172
152
180
135
182
166
159
157
139
126
144
156
127
118
145
45
153
96
117
100
26
43
162
56
170
14
108
130
70
189
3
186
194
20
84
7
125
131
13
37
107
49
111
18
19
35
42
5
44
17
164
102
36
24
33
4
184
11
27
101
106
198
113
116
151
191
71
192
99
53
6
40
141
21
86
140
32
82
138
124
2
133
115
142
78
57
150
163
60
73
154
85
149
173
87
46
114
128
31
168
137
75
129
171
25
74
177
178
187
38
48
122
105
112
161
88
123
179
183
93
34
76
41
196
188
95
148
132
98
193
174
12
120
143
83
79
10
119
155
104
175
39
134
147
121
8
51
59
176
136
28
30
23
22
158
29
9
16
