160
138
200
171
112
7
130
94
155
116
23
147
197
156
169
101
161
78
91
39
70
175
3
84
98
8
42
51
56
36
79
20
59
178
62
77
99
5
61
6
195
176
198
193
18
114
95
186
149
46
32
33
30
192
122
134
183
124
119
128
153
48
164
100
71
92
104
166
90
117
76
82
167
135
13
4
187
21
38
12
16
11
26
72
15
143
37
126
181
19
152
54
57
173
174
87
25
136
108
58
191
168
185
157
81
63
53
34
179
133
189
107
52
120
89
159
188
88
47
2
93
27
177
125
165
97
111
194
144
106
65
113
64
86
148
141
55
184
190
180
66
68
103
41
24
154
73
146
